99.03.25 17:23 B C:\Download\WMOnline\ie4getANI.gif <-- XOOM / ie4getANI.gif
99.03.25 17:54 B C:\Download\WMOnline\about.htm --> ftp.xoom.com / about.htm
99.03.25 17:55 B C:\Download\WMOnline\alien.tms --> ftp.xoom.com / alien.tms
99.03.25 17:55 B C:\Download\WMOnline\copy.htm --> ftp.xoom.com / copy.htm
99.03.25 17:55 B C:\Download\WMOnline\icq.htm --> ftp.xoom.com / icq.htm
99.03.25 17:55 B C:\Download\WMOnline\ie4getANI.gif --> ftp.xoom.com / ie4getANI.gif
99.03.25 17:55 B C:\Download\WMOnline\index.html --> ftp.xoom.com / index.html
99.03.25 17:55 B C:\Download\WMOnline\misc.htm --> ftp.xoom.com / misc.htm
99.03.25 17:55 B C:\Download\WMOnline\stuff.htm --> ftp.xoom.com / stuff.htm
99.03.25 17:55 B C:\Download\WMOnline\template.htm --> ftp.xoom.com / template.htm
99.03.25 17:55 B C:\Download\WMOnline\trailers.htm --> ftp.xoom.com / trailers.htm
99.03.25 17:55 B C:\Download\WMOnline\wmo.css --> ftp.xoom.com / wmo.css
99.03.25 18:32 B C:\Download\WMOnline\index.html --> ftp.xoom.com / index.html
99.03.25 18:41 B C:\download\wmonline\index.html --> ftp.xoom.com / index.html
99.03.27 18:02 B C:\download\wmonline\an.htm --> ftp.xoom.com / an.htm
99.03.27 18:02 B C:\download\wmonline\beyond.htm --> ftp.xoom.com / beyond.htm
99.03.27 18:02 B C:\download\wmonline\dig.htm --> ftp.xoom.com / dig.htm
99.03.27 18:02 B C:\download\wmonline\index.html --> ftp.xoom.com / index.html
99.03.27 18:02 B C:\download\wmonline\me.htm --> ftp.xoom.com / me.htm
99.03.27 18:02 B C:\download\wmonline\news.htm --> ftp.xoom.com / news.htm
99.03.27 18:03 B C:\download\wmonline\now.htm --> ftp.xoom.com / now.htm
99.03.27 18:03 B C:\download\wmonline\quote.js --> ftp.xoom.com / quote.js
99.03.27 18:03 B C:\download\wmonline\then.htm --> ftp.xoom.com / then.htm
99.04.04 13:21 B C:\download\wmonline\links.htm --> ftp.xoom.com / links.htm
99.04.04 13:21 B C:\download\wmonline\weird.htm --> ftp.xoom.com / weird.htm
99.04.04 13:23 B C:\download\wmonline\news.htm --> ftp.xoom.com / news.htm
99.04.06 13:05 B C:\download\wmonline\copy.htm --> ftp.xoom.com / copy.htm
99.04.06 13:06 B C:\download\wmonline\free.htm --> ftp.xoom.com / free.htm
99.04.06 13:06 B C:\download\wmonline\quote.js --> ftp.xoom.com / quote.js
99.04.06 13:06 B C:\download\wmonline\news.htm --> ftp.xoom.com / news.htm
99.04.11 18:36 B C:\download\wmonline\index.html --> ftp.xoom.com / index.html
99.04.11 18:36 B C:\download\wmonline\logo.js --> ftp.xoom.com / logo.js
99.04.11 18:36 B C:\download\wmonline\news.htm --> ftp.xoom.com / news.htm
99.04.13 19:01 B C:\download\wmonline\coolrule.htc --> ftp.xoom.com / coolrule.htc
99.04.13 19:01 B C:\download\wmonline\index.html --> ftp.xoom.com / index.html
99.04.13 19:01 B C:\download\wmonline\logo.js --> ftp.xoom.com / logo.js
99.04.13 19:01 B C:\download\wmonline\menubar.js --> ftp.xoom.com / menubar.js
99.04.13 19:01 B C:\download\wmonline\pos.htc --> ftp.xoom.com / pos.htc
99.04.13 19:01 B C:\download\wmonline\theme.js --> ftp.xoom.com / theme.js
99.04.13 19:01 B C:\download\wmonline\wmo.css --> ftp.xoom.com / wmo.css
99.04.13 19:09 B C:\download\wmonline\news.htm --> ftp.xoom.com / news.htm
99.04.15 17:17 B C:\download\wmonline\theme.js --> ftp.xoom.com / theme.js
99.04.15 17:17 B C:\download\wmonline\news.htm --> ftp.xoom.com / news.htm
99.04.15 20:12 B C:\download\wmonline\about.htm --> ftp.xoom.com / about.htm
99.04.15 20:12 B C:\download\wmonline\an.htm --> ftp.xoom.com / an.htm
99.04.15 20:12 B C:\download\wmonline\beyond.htm --> ftp.xoom.com / beyond.htm
99.04.15 20:12 B C:\download\wmonline\bunk.htm --> ftp.xoom.com / bunk.htm
99.04.15 20:12 B C:\download\wmonline\copy.htm --> ftp.xoom.com / copy.htm
99.04.15 20:12 B C:\download\wmonline\dig.htm --> ftp.xoom.com / dig.htm
99.04.15 20:12 B C:\download\wmonline\free.htm --> ftp.xoom.com / free.htm
99.04.15 20:12 B C:\download\wmonline\icq.htm --> ftp.xoom.com / icq.htm
99.04.15 20:12 B C:\download\wmonline\index.html --> ftp.xoom.com / index.html
99.04.15 20:12 B C:\download\wmonline\links.htm --> ftp.xoom.com / links.htm
99.04.15 20:12 B C:\download\wmonline\logo.js --> ftp.xoom.com / logo.js
99.04.15 20:12 B C:\download\wmonline\me.htm --> ftp.xoom.com / me.htm
99.04.15 20:12 B C:\download\wmonline\misc.htm --> ftp.xoom.com / misc.htm
99.04.15 20:12 B C:\download\wmonline\news.htm --> ftp.xoom.com / news.htm
99.04.15 20:12 B C:\download\wmonline\now.htm --> ftp.xoom.com / now.htm
99.04.15 20:12 B C:\download\wmonline\stuff.htm --> ftp.xoom.com / stuff.htm
99.04.15 20:13 B C:\download\wmonline\template.htm --> ftp.xoom.com / template.htm
99.04.15 20:13 B C:\download\wmonline\theme.js --> ftp.xoom.com / theme.js
99.04.15 20:13 B C:\download\wmonline\then.htm --> ftp.xoom.com / then.htm
99.04.15 20:13 B C:\download\wmonline\trailers.htm --> ftp.xoom.com / trailers.htm
99.04.15 20:13 B C:\download\wmonline\weird.htm --> ftp.xoom.com / weird.htm
