99.03.25 17:52 B C:\Download\WMOnline\Images\Corner.gif --> ftp.xoom.com /Images Corner.gif
99.03.25 17:52 B C:\Download\WMOnline\Images\Cornerb.gif --> ftp.xoom.com /Images Cornerb.gif
99.03.25 17:52 B C:\Download\WMOnline\Images\Cornerc.gif --> ftp.xoom.com /Images Cornerc.gif
99.03.25 17:52 B C:\Download\WMOnline\Images\Cornerd.gif --> ftp.xoom.com /Images Cornerd.gif
99.03.25 17:52 B C:\Download\WMOnline\Images\Cornere.gif --> ftp.xoom.com /Images Cornere.gif
99.03.25 17:52 B C:\Download\WMOnline\Images\Cornerf.gif --> ftp.xoom.com /Images Cornerf.gif
99.03.25 17:52 B C:\Download\WMOnline\Images\Cornerg.gif --> ftp.xoom.com /Images Cornerg.gif
99.03.25 17:52 B C:\Download\WMOnline\Images\Cornerh.gif --> ftp.xoom.com /Images Cornerh.gif
99.03.25 17:52 B C:\Download\WMOnline\Images\edgeb.gif --> ftp.xoom.com /Images edgeb.gif
99.03.25 17:52 B C:\Download\WMOnline\Images\edgel.gif --> ftp.xoom.com /Images edgel.gif
99.03.25 17:52 B C:\Download\WMOnline\Images\edger.gif --> ftp.xoom.com /Images edger.gif
99.03.25 17:52 B C:\Download\WMOnline\Images\logo mark ][.gif --> ftp.xoom.com /Images logo mark ][.gif
99.03.25 17:53 B C:\Download\WMOnline\Images\logo mark ][.mic --> ftp.xoom.com /Images logo mark ][.mic
99.03.25 17:53 B C:\Download\WMOnline\Images\logo.gif --> ftp.xoom.com /Images logo.gif
99.03.25 17:53 B C:\Download\WMOnline\Images\logo.mic --> ftp.xoom.com /Images logo.mic
99.03.25 17:53 B C:\Download\WMOnline\Images\oldlogo.gif --> ftp.xoom.com /Images oldlogo.gif
99.03.25 17:53 B C:\Download\WMOnline\Images\pointm.gif --> ftp.xoom.com /Images pointm.gif
99.03.25 17:53 B C:\Download\WMOnline\Images\pointr.gif --> ftp.xoom.com /Images pointr.gif
99.03.25 17:53 B C:\Download\WMOnline\Images\soft.gif --> ftp.xoom.com /Images soft.gif
99.03.25 17:53 B C:\Download\WMOnline\Images\software.gif --> ftp.xoom.com /Images software.gif
99.03.25 17:53 B C:\Download\WMOnline\Images\sunset.gif --> ftp.xoom.com /Images sunset.gif
99.03.25 17:54 B C:\Download\WMOnline\Images\sunsetblack.gif --> ftp.xoom.com /Images sunsetblack.gif
99.03.25 17:54 B C:\Download\WMOnline\Images\tCorner.gif --> ftp.xoom.com /Images tCorner.gif
99.03.25 17:54 B C:\Download\WMOnline\Images\tCornerb.gif --> ftp.xoom.com /Images tCornerb.gif
99.03.25 17:54 B C:\Download\WMOnline\Images\tCornerc.gif --> ftp.xoom.com /Images tCornerc.gif
99.03.25 17:54 B C:\Download\WMOnline\Images\tCornerd.gif --> ftp.xoom.com /Images tCornerd.gif
99.03.25 17:54 B C:\Download\WMOnline\Images\wmoblue.gif --> ftp.xoom.com /Images wmoblue.gif
99.03.25 17:54 B C:\Download\WMOnline\Images\wmos.gif --> ftp.xoom.com /Images wmos.gif
99.03.25 17:54 B C:\Download\WMOnline\Images\wmowhite.gif --> ftp.xoom.com /Images wmowhite.gif
99.04.13 19:02 B C:\download\wmonline\images\theme.gif --> ftp.xoom.com /images theme.gif
99.04.13 19:02 B C:\download\wmonline\images\themesm.gif --> ftp.xoom.com /images themesm.gif
99.04.13 19:02 B C:\download\wmonline\images\wcorner.gif --> ftp.xoom.com /images wcorner.gif
99.04.13 19:02 B C:\download\wmonline\images\wcornerb.gif --> ftp.xoom.com /images wcornerb.gif
99.04.13 19:02 B C:\download\wmonline\images\wcornerc.gif --> ftp.xoom.com /images wcornerc.gif
99.04.13 19:02 B C:\download\wmonline\images\wcornerd.gif --> ftp.xoom.com /images wcornerd.gif
99.04.13 19:02 B C:\download\wmonline\images\wmosm.gif --> ftp.xoom.com /images wmosm.gif
99.04.13 19:02 B C:\download\wmonline\images\wmosmw.gif --> ftp.xoom.com /images wmosmw.gif
